Traceback (most recent call last):
  File "C:\Users\Eric\anaconda3\Lib\site-packages\jupyter_cache\executors\utils.py", line 58, in single_nb_execution
    executenb(
  File "C:\Users\Eric\anaconda3\Lib\site-packages\nbclient\client.py", line 1204, in execute
    return NotebookClient(nb=nb, resources=resources, km=km, **kwargs).execute()
           ^^^^^^^^^^^^^^^^^^^^^^^^^^^^^^^^^^^^^^^^^^^^^^^^^^^^^^^^^^^^^^^^^^^^^
  File "C:\Users\Eric\anaconda3\Lib\site-packages\nbclient\util.py", line 84, in wrapped
    return just_run(coro(*args, **kwargs))
           ^^^^^^^^^^^^^^^^^^^^^^^^^^^^^^^
  File "C:\Users\Eric\anaconda3\Lib\site-packages\nbclient\util.py", line 62, in just_run
    return loop.run_until_complete(coro)
           ^^^^^^^^^^^^^^^^^^^^^^^^^^^^^
  File "C:\Users\Eric\anaconda3\Lib\asyncio\base_events.py", line 653, in run_until_complete
    return future.result()
           ^^^^^^^^^^^^^^^
  File "C:\Users\Eric\anaconda3\Lib\site-packages\nbclient\client.py", line 663, in async_execute
    await self.async_execute_cell(
  File "C:\Users\Eric\anaconda3\Lib\site-packages\nbclient\client.py", line 965, in async_execute_cell
    await self._check_raise_for_error(cell, cell_index, exec_reply)
  File "C:\Users\Eric\anaconda3\Lib\site-packages\nbclient\client.py", line 862, in _check_raise_for_error
    raise CellExecutionError.from_cell_and_msg(cell, exec_reply_content)
nbclient.exceptions.CellExecutionError: An error occurred while executing the following cell:
------------------
# Import packages
import pandas as pd
import plotly.express as px
import seaborn as sns
------------------

[1;31m---------------------------------------------------------------------------[0m
[1;31mAttributeError[0m                            Traceback (most recent call last)
Cell [1;32mIn[1], line 3[0m
[0;32m      1[0m [38;5;66;03m# Import packages[39;00m
[0;32m      2[0m [38;5;28;01mimport[39;00m [38;5;21;01mpandas[39;00m [38;5;28;01mas[39;00m [38;5;21;01mpd[39;00m
[1;32m----> 3[0m [38;5;28;01mimport[39;00m [38;5;21;01mplotly[39;00m[38;5;21;01m.[39;00m[38;5;21;01mexpress[39;00m [38;5;28;01mas[39;00m [38;5;21;01mpx[39;00m
[0;32m      4[0m [38;5;28;01mimport[39;00m [38;5;21;01mseaborn[39;00m [38;5;28;01mas[39;00m [38;5;21;01msns[39;00m

File [1;32m~\anaconda3\Lib\site-packages\plotly\express\__init__.py:14[0m
[0;32m      8[0m [38;5;28;01mif[39;00m pd [38;5;129;01mis[39;00m [38;5;28;01mNone[39;00m:
[0;32m      9[0m     [38;5;28;01mraise[39;00m [38;5;167;01mImportError[39;00m(
[0;32m     10[0m [38;5;250m        [39m[38;5;124;03m"""\[39;00m
[0;32m     11[0m [38;5;124;03mPlotly express requires pandas to be installed."""[39;00m
[0;32m     12[0m     )
[1;32m---> 14[0m [38;5;28;01mfrom[39;00m [38;5;21;01m.[39;00m[38;5;21;01m_imshow[39;00m [38;5;28;01mimport[39;00m imshow
[0;32m     15[0m [38;5;28;01mfrom[39;00m [38;5;21;01m.[39;00m[38;5;21;01m_chart_types[39;00m [38;5;28;01mimport[39;00m (  [38;5;66;03m# noqa: F401[39;00m
[0;32m     16[0m     scatter,
[0;32m     17[0m     scatter_3d,
[1;32m   (...)[0m
[0;32m     50[0m     density_mapbox,
[0;32m     51[0m )
[0;32m     54[0m [38;5;28;01mfrom[39;00m [38;5;21;01m.[39;00m[38;5;21;01m_core[39;00m [38;5;28;01mimport[39;00m (  [38;5;66;03m# noqa: F401[39;00m
[0;32m     55[0m     set_mapbox_access_token,
[0;32m     56[0m     defaults,
[0;32m     57[0m     get_trendline_results,
[0;32m     58[0m     NO_COLOR,
[0;32m     59[0m )

File [1;32m~\anaconda3\Lib\site-packages\plotly\express\_imshow.py:11[0m
[0;32m      8[0m [38;5;28;01mfrom[39;00m [38;5;21;01mplotly[39;00m[38;5;21;01m.[39;00m[38;5;21;01mutils[39;00m [38;5;28;01mimport[39;00m image_array_to_data_uri
[0;32m     10[0m [38;5;28;01mtry[39;00m:
[1;32m---> 11[0m     [38;5;28;01mimport[39;00m [38;5;21;01mxarray[39;00m
[0;32m     13[0m     xarray_imported [38;5;241m=[39m [38;5;28;01mTrue[39;00m
[0;32m     14[0m [38;5;28;01mexcept[39;00m [38;5;167;01mImportError[39;00m:

File [1;32m~\anaconda3\Lib\site-packages\xarray\__init__.py:1[0m
[1;32m----> 1[0m [38;5;28;01mfrom[39;00m [38;5;21;01mxarray[39;00m [38;5;28;01mimport[39;00m testing, tutorial
[0;32m      2[0m [38;5;28;01mfrom[39;00m [38;5;21;01mxarray[39;00m[38;5;21;01m.[39;00m[38;5;21;01mbackends[39;00m[38;5;21;01m.[39;00m[38;5;21;01mapi[39;00m [38;5;28;01mimport[39;00m (
[0;32m      3[0m     load_dataarray,
[0;32m      4[0m     load_dataset,
[1;32m   (...)[0m
[0;32m      8[0m     save_mfdataset,
[0;32m      9[0m )
[0;32m     10[0m [38;5;28;01mfrom[39;00m [38;5;21;01mxarray[39;00m[38;5;21;01m.[39;00m[38;5;21;01mbackends[39;00m[38;5;21;01m.[39;00m[38;5;21;01mzarr[39;00m [38;5;28;01mimport[39;00m open_zarr

File [1;32m~\anaconda3\Lib\site-packages\xarray\testing.py:10[0m
[0;32m      7[0m [38;5;28;01mimport[39;00m [38;5;21;01mnumpy[39;00m [38;5;28;01mas[39;00m [38;5;21;01mnp[39;00m
[0;32m      8[0m [38;5;28;01mimport[39;00m [38;5;21;01mpandas[39;00m [38;5;28;01mas[39;00m [38;5;21;01mpd[39;00m
[1;32m---> 10[0m [38;5;28;01mfrom[39;00m [38;5;21;01mxarray[39;00m[38;5;21;01m.[39;00m[38;5;21;01mcore[39;00m [38;5;28;01mimport[39;00m duck_array_ops, formatting, utils
[0;32m     11[0m [38;5;28;01mfrom[39;00m [38;5;21;01mxarray[39;00m[38;5;21;01m.[39;00m[38;5;21;01mcore[39;00m[38;5;21;01m.[39;00m[38;5;21;01mdataarray[39;00m [38;5;28;01mimport[39;00m DataArray
[0;32m     12[0m [38;5;28;01mfrom[39;00m [38;5;21;01mxarray[39;00m[38;5;21;01m.[39;00m[38;5;21;01mcore[39;00m[38;5;21;01m.[39;00m[38;5;21;01mdataset[39;00m [38;5;28;01mimport[39;00m Dataset

File [1;32m~\anaconda3\Lib\site-packages\xarray\core\duck_array_ops.py:36[0m
[0;32m     33[0m [38;5;28;01mfrom[39;00m [38;5;21;01mnumpy[39;00m[38;5;21;01m.[39;00m[38;5;21;01mcore[39;00m[38;5;21;01m.[39;00m[38;5;21;01mmultiarray[39;00m [38;5;28;01mimport[39;00m normalize_axis_index  [38;5;66;03m# type: ignore[attr-defined][39;00m
[0;32m     34[0m [38;5;28;01mfrom[39;00m [38;5;21;01mnumpy[39;00m[38;5;21;01m.[39;00m[38;5;21;01mlib[39;00m[38;5;21;01m.[39;00m[38;5;21;01mstride_tricks[39;00m [38;5;28;01mimport[39;00m sliding_window_view  [38;5;66;03m# noqa[39;00m
[1;32m---> 36[0m [38;5;28;01mfrom[39;00m [38;5;21;01mxarray[39;00m[38;5;21;01m.[39;00m[38;5;21;01mcore[39;00m [38;5;28;01mimport[39;00m dask_array_ops, dtypes, nputils
[0;32m     37[0m [38;5;28;01mfrom[39;00m [38;5;21;01mxarray[39;00m[38;5;21;01m.[39;00m[38;5;21;01mcore[39;00m[38;5;21;01m.[39;00m[38;5;21;01mparallelcompat[39;00m [38;5;28;01mimport[39;00m get_chunked_array_type, is_chunked_array
[0;32m     38[0m [38;5;28;01mfrom[39;00m [38;5;21;01mxarray[39;00m[38;5;21;01m.[39;00m[38;5;21;01mcore[39;00m[38;5;21;01m.[39;00m[38;5;21;01mpycompat[39;00m [38;5;28;01mimport[39;00m array_type, is_duck_dask_array

File [1;32m~\anaconda3\Lib\site-packages\xarray\core\dask_array_ops.py:3[0m
[0;32m      1[0m [38;5;28;01mfrom[39;00m [38;5;21;01m__future__[39;00m [38;5;28;01mimport[39;00m annotations
[1;32m----> 3[0m [38;5;28;01mfrom[39;00m [38;5;21;01mxarray[39;00m[38;5;21;01m.[39;00m[38;5;21;01mcore[39;00m [38;5;28;01mimport[39;00m dtypes, nputils
[0;32m      6[0m [38;5;28;01mdef[39;00m [38;5;21mdask_rolling_wrapper[39m(moving_func, a, window, min_count[38;5;241m=[39m[38;5;28;01mNone[39;00m, axis[38;5;241m=[39m[38;5;241m-[39m[38;5;241m1[39m):
[0;32m      7[0m [38;5;250m    [39m[38;5;124;03m"""Wrapper to apply bottleneck moving window funcs on dask arrays"""[39;00m

File [1;32m~\anaconda3\Lib\site-packages\xarray\core\dtypes.py:43[0m
[0;32m     33[0m NINF [38;5;241m=[39m AlwaysLessThan()
[0;32m     36[0m [38;5;66;03m# Pairs of types that, if both found, should be promoted to object dtype[39;00m
[0;32m     37[0m [38;5;66;03m# instead of following NumPy's own type-promotion rules. These type promotion[39;00m
[0;32m     38[0m [38;5;66;03m# rules match pandas instead. For reference, see the NumPy type hierarchy:[39;00m
[0;32m     39[0m [38;5;66;03m# https://numpy.org/doc/stable/reference/arrays.scalars.html[39;00m
[0;32m     40[0m PROMOTE_TO_OBJECT: [38;5;28mtuple[39m[[38;5;28mtuple[39m[[38;5;28mtype[39m[np[38;5;241m.[39mgeneric], [38;5;28mtype[39m[np[38;5;241m.[39mgeneric]], [38;5;241m.[39m[38;5;241m.[39m[38;5;241m.[39m] [38;5;241m=[39m (
[0;32m     41[0m     (np[38;5;241m.[39mnumber, np[38;5;241m.[39mcharacter),  [38;5;66;03m# numpy promotes to character[39;00m
[0;32m     42[0m     (np[38;5;241m.[39mbool_, np[38;5;241m.[39mcharacter),  [38;5;66;03m# numpy promotes to character[39;00m
[1;32m---> 43[0m     (np[38;5;241m.[39mbytes_, np[38;5;241m.[39municode_),  [38;5;66;03m# numpy promotes to unicode[39;00m
[0;32m     44[0m )
[0;32m     47[0m [38;5;28;01mdef[39;00m [38;5;21mmaybe_promote[39m(dtype):
[0;32m     48[0m [38;5;250m    [39m[38;5;124;03m"""Simpler equivalent of pandas.core.common._maybe_promote[39;00m
[0;32m     49[0m 
[0;32m     50[0m [38;5;124;03m    Parameters[39;00m
[1;32m   (...)[0m
[0;32m     57[0m [38;5;124;03m    fill_value : Valid missing value for the promoted dtype.[39;00m
[0;32m     58[0m [38;5;124;03m    """[39;00m

File [1;32m~\anaconda3\Lib\site-packages\numpy\__init__.py:411[0m, in [0;36m__getattr__[1;34m(attr)[0m
[0;32m    408[0m     [38;5;28;01mraise[39;00m [38;5;167;01mAttributeError[39;00m(__former_attrs__[attr])
[0;32m    410[0m [38;5;28;01mif[39;00m attr [38;5;129;01min[39;00m __expired_attributes__:
[1;32m--> 411[0m     [38;5;28;01mraise[39;00m [38;5;167;01mAttributeError[39;00m(
[0;32m    412[0m         [38;5;124mf[39m[38;5;124m"[39m[38;5;124m`np.[39m[38;5;132;01m{[39;00mattr[38;5;132;01m}[39;00m[38;5;124m` was removed in the NumPy 2.0 release. [39m[38;5;124m"[39m
[0;32m    413[0m         [38;5;124mf[39m[38;5;124m"[39m[38;5;132;01m{[39;00m__expired_attributes__[attr][38;5;132;01m}[39;00m[38;5;124m"[39m
[0;32m    414[0m     )
[0;32m    416[0m [38;5;28;01mif[39;00m attr [38;5;241m==[39m [38;5;124m"[39m[38;5;124mchararray[39m[38;5;124m"[39m:
[0;32m    417[0m     warnings[38;5;241m.[39mwarn(
[0;32m    418[0m         [38;5;124m"[39m[38;5;124m`np.chararray` is deprecated and will be removed from [39m[38;5;124m"[39m
[0;32m    419[0m         [38;5;124m"[39m[38;5;124mthe main namespace in the future. Use an array with a string [39m[38;5;124m"[39m
[0;32m    420[0m         [38;5;124m"[39m[38;5;124mor bytes dtype instead.[39m[38;5;124m"[39m, [38;5;167;01mDeprecationWarning[39;00m, stacklevel[38;5;241m=[39m[38;5;241m2[39m)

[1;31mAttributeError[0m: `np.unicode_` was removed in the NumPy 2.0 release. Use `np.str_` instead.
AttributeError: `np.unicode_` was removed in the NumPy 2.0 release. Use `np.str_` instead.

